2023-05-28 13:52:34,359 DEBUG: This is a debug message: TEXT TEST 12345 [in /home/jack/Desktop/content/app.py:62]
2023-05-28 13:52:34,361 DEBUG: This is a debug message: TEXT TEST 6789 [in /home/jack/Desktop/content/app.py:65]
2023-05-28 13:52:34,361 DEBUG: This is a debug message: TEXT TEST abcd [in /home/jack/Desktop/content/app.py:68]
2023-05-28 13:53:58,181 ERROR: request.files['file'] [in /home/jack/Desktop/content/app.py:212]
2023-05-28 20:25:02,069 INFO: Audio path: sample_data/input_audio.mp3 [in /home/jack/Desktop/content/app.py:1105]
2023-05-28 20:25:02,155 INFO: Duration: 36.699083 [in /home/jack/Desktop/content/app.py:1112]
2023-05-28 20:25:02,155 INFO: Image path: static/images/uploads/RPG_40_An_cartoon_illustration_of_a_Wild_looking_very_o_008.jpg [in /home/jack/Desktop/content/app.py:1116]
2023-05-28 20:25:02,156 INFO: Video path: sample_data/input_video.mp4 [in /home/jack/Desktop/content/app.py:1121]
2023-05-28 20:25:55,831 INFO: Video path: sample_data/input_video.mp4 [in /home/jack/Desktop/content/app.py:1082]
2023-05-28 22:44:26,992 INFO: Audio path: sample_data/input_audio.mp3 [in /home/jack/Desktop/content/app.py:1105]
2023-05-28 22:44:27,068 INFO: Duration: 20.469333 [in /home/jack/Desktop/content/app.py:1112]
2023-05-28 22:44:27,068 INFO: Image path: static/images/uploads/GreatR.jpg [in /home/jack/Desktop/content/app.py:1116]
2023-05-28 22:44:27,068 INFO: Video path: sample_data/input_video.mp4 [in /home/jack/Desktop/content/app.py:1121]
2023-05-28 22:45:03,856 INFO: Video path: sample_data/input_video.mp4 [in /home/jack/Desktop/content/app.py:1082]
2023-05-29 03:25:35,299 INFO: Audio path: sample_data/input_audio.mp3 [in /home/jack/Desktop/content/app.py:1105]
2023-05-29 03:25:35,371 INFO: Duration: 40.128 [in /home/jack/Desktop/content/app.py:1112]
2023-05-29 03:25:35,371 INFO: Image path: static/images/uploads/Great.jpg [in /home/jack/Desktop/content/app.py:1116]
2023-05-29 03:25:35,371 INFO: Video path: sample_data/input_video.mp4 [in /home/jack/Desktop/content/app.py:1121]
2023-05-29 03:30:04,720 INFO: Video path: sample_data/input_video.mp4 [in /home/jack/Desktop/content/app.py:1082]
2023-05-29 10:28:36,325 DEBUG: This is a debug message: TEXT TEST 12345 [in /home/jack/Desktop/content/app.py:62]
2023-05-29 10:28:36,326 DEBUG: This is a debug message: TEXT TEST 6789 [in /home/jack/Desktop/content/app.py:65]
2023-05-29 10:28:36,326 DEBUG: This is a debug message: TEXT TEST abcd [in /home/jack/Desktop/content/app.py:68]
2023-05-29 13:29:36,949 DEBUG: This is a debug message: TEXT TEST 12345 [in app.py:62]
2023-05-29 13:29:36,949 DEBUG: This is a debug message: TEXT TEST 6789 [in app.py:65]
2023-05-29 13:29:36,949 DEBUG: This is a debug message: TEXT TEST abcd [in app.py:68]
2023-05-29 13:30:43,258 DEBUG: This is a debug message: TEXT TEST 12345 [in app.py:62]
2023-05-29 13:30:43,258 DEBUG: This is a debug message: TEXT TEST 6789 [in app.py:65]
2023-05-29 13:30:43,258 DEBUG: This is a debug message: TEXT TEST abcd [in app.py:68]
2023-05-29 13:30:44,202 DEBUG: This is a debug message: TEXT TEST 12345 [in /home/jack/Desktop/content/app.py:62]
2023-05-29 13:30:44,202 DEBUG: This is a debug message: TEXT TEST 6789 [in /home/jack/Desktop/content/app.py:65]
2023-05-29 13:30:44,202 DEBUG: This is a debug message: TEXT TEST abcd [in /home/jack/Desktop/content/app.py:68]
2023-05-29 13:43:06,888 INFO: Audio path: sample_data/input_audio.mp3 [in /home/jack/Desktop/content/app.py:1092]
2023-05-29 13:43:06,918 INFO: Duration: 5.856 [in /home/jack/Desktop/content/app.py:1099]
2023-05-29 13:43:06,920 INFO: Image path: static/images/uploads/image2d.jpg [in /home/jack/Desktop/content/app.py:1103]
2023-05-29 13:43:06,924 INFO: Video path: sample_data/input_video.mp4 [in /home/jack/Desktop/content/app.py:1108]
2023-05-29 13:43:23,911 INFO: Video path: sample_data/input_video.mp4 [in /home/jack/Desktop/content/app.py:1069]
2023-05-29 14:20:05,025 INFO: Audio path: sample_data/input_audio.mp3 [in /home/jack/Desktop/content/app.py:1092]
2023-05-29 14:20:05,049 INFO: Duration: 10.776 [in /home/jack/Desktop/content/app.py:1099]
2023-05-29 14:20:05,050 INFO: Image path: static/images/uploads/face.jpeg [in /home/jack/Desktop/content/app.py:1103]
2023-05-29 14:20:05,050 INFO: Video path: sample_data/input_video.mp4 [in /home/jack/Desktop/content/app.py:1108]
2023-05-29 14:20:17,451 INFO: Video path: sample_data/input_video.mp4 [in /home/jack/Desktop/content/app.py:1069]
2023-05-29 14:20:21,909 INFO: Video path: sample_data/input_video.mp4 [in /home/jack/Desktop/content/app.py:1069]
2023-05-29 16:56:01,541 INFO: Audio path: sample_data/input_audio.mp3 [in /home/jack/Desktop/content/app.py:1092]
2023-05-29 16:56:01,576 INFO: Duration: 11.184 [in /home/jack/Desktop/content/app.py:1099]
2023-05-29 16:56:01,577 INFO: Image path: static/images/uploads/00052.jpeg [in /home/jack/Desktop/content/app.py:1103]
2023-05-29 16:56:01,577 INFO: Video path: sample_data/input_video.mp4 [in /home/jack/Desktop/content/app.py:1108]
2023-05-29 16:56:26,190 INFO: Video path: sample_data/input_video.mp4 [in /home/jack/Desktop/content/app.py:1069]
2023-05-29 18:58:47,132 INFO: Audio path: sample_data/input_audio.mp3 [in /home/jack/Desktop/content/app.py:1092]
2023-05-29 18:58:47,161 INFO: Duration: 23.424 [in /home/jack/Desktop/content/app.py:1099]
2023-05-29 18:58:47,161 INFO: Image path: static/images/uploads/01207-.jpg [in /home/jack/Desktop/content/app.py:1103]
2023-05-29 18:58:47,161 INFO: Video path: sample_data/input_video.mp4 [in /home/jack/Desktop/content/app.py:1108]
2023-05-29 18:59:52,494 INFO: Video path: sample_data/input_video.mp4 [in /home/jack/Desktop/content/app.py:1069]
2023-05-29 21:11:09,820 INFO: Audio path: sample_data/input_audio.mp3 [in /home/jack/Desktop/content/app.py:1092]
2023-05-29 21:11:09,846 INFO: Duration: 32.808 [in /home/jack/Desktop/content/app.py:1099]
2023-05-29 21:11:09,846 INFO: Image path: static/images/uploads/latina.jpg [in /home/jack/Desktop/content/app.py:1103]
2023-05-29 21:11:09,847 INFO: Video path: sample_data/input_video.mp4 [in /home/jack/Desktop/content/app.py:1108]
2023-05-29 21:11:40,298 INFO: Video path: sample_data/input_video.mp4 [in /home/jack/Desktop/content/app.py:1069]
2023-05-30 03:38:38,687 INFO: Audio path: sample_data/input_audio.mp3 [in /home/jack/Desktop/content/app.py:1092]
2023-05-30 03:38:38,712 INFO: Duration: 25.488 [in /home/jack/Desktop/content/app.py:1099]
2023-05-30 03:38:38,713 INFO: Image path: static/images/uploads/exotic-green.jpg [in /home/jack/Desktop/content/app.py:1103]
2023-05-30 03:38:38,713 INFO: Video path: sample_data/input_video.mp4 [in /home/jack/Desktop/content/app.py:1108]
2023-05-30 03:40:42,734 INFO: Video path: sample_data/input_video.mp4 [in /home/jack/Desktop/content/app.py:1069]
2023-05-30 09:25:42,675 INFO: Audio path: sample_data/input_audio.mp3 [in /home/jack/Desktop/content/app.py:1092]
2023-05-30 09:25:42,710 INFO: Duration: 8.64 [in /home/jack/Desktop/content/app.py:1099]
2023-05-30 09:25:42,710 INFO: Image path: static/images/uploads/image2d.jpg [in /home/jack/Desktop/content/app.py:1103]
2023-05-30 09:25:42,711 INFO: Video path: sample_data/input_video.mp4 [in /home/jack/Desktop/content/app.py:1108]
2023-05-30 09:26:53,162 INFO: Video path: sample_data/input_video.mp4 [in /home/jack/Desktop/content/app.py:1069]
2023-05-31 13:55:49,324 DEBUG: This is a debug message: TEXT TEST 12345 [in app.py:62]
2023-05-31 13:55:49,337 DEBUG: This is a debug message: TEXT TEST 6789 [in app.py:65]
2023-05-31 13:55:49,338 DEBUG: This is a debug message: TEXT TEST abcd [in app.py:68]
2023-05-31 13:55:50,337 DEBUG: This is a debug message: TEXT TEST 12345 [in /mnt/HDD500/MyTube_AI_Flask_App/app.py:62]
2023-05-31 13:55:50,337 DEBUG: This is a debug message: TEXT TEST 6789 [in /mnt/HDD500/MyTube_AI_Flask_App/app.py:65]
2023-05-31 13:55:50,337 DEBUG: This is a debug message: TEXT TEST abcd [in /mnt/HDD500/MyTube_AI_Flask_App/app.py:68]
